1597641145485	geckodriver	INFO	Listening on 127.0.0.1:53239
1597641145530	mozrunner::runner	INFO	Running command: "/usr/bin/firefox" "--marionette" "-foreground" "-no-remote" "-profile" "/tmp/rust_mozprofileB55T7c"
1597641151267	geckodriver	INFO	Listening on 127.0.0.1:48989
1597641151274	mozrunner::runner	INFO	Running command: "/usr/bin/firefox" "--marionette" "-foreground" "-no-remote" "-profile" "/tmp/rust_mozprofile8qi2y0"
console.error: SearchCache: "_readCacheFile: Error reading cache file:" (new Error("", "(unknown module)"))
1597641155173	Marionette	INFO	Listening on port 33539
1597641155185	Marionette	WARN	TLS certificate errors will be ignored for this session
1597642381385	geckodriver	INFO	Listening on 127.0.0.1:45653
1597642381399	mozrunner::runner	INFO	Running command: "/usr/bin/firefox" "--marionette" "-foreground" "-no-remote" "-profile" "/tmp/rust_mozprofile8xU2dT"
console.error: SearchCache: "_readCacheFile: Error reading cache file:" (new Error("", "(unknown module)"))
1597642384977	Marionette	INFO	Listening on port 41061
1597642385007	Marionette	WARN	TLS certificate errors will be ignored for this session
1597642405988	geckodriver	INFO	Listening on 127.0.0.1:57845
1597642405994	mozrunner::runner	INFO	Running command: "/usr/bin/firefox" "--marionette" "-foreground" "-no-remote" "-profile" "/tmp/rust_mozprofile1EFspA"
console.error: SearchCache: "_readCacheFile: Error reading cache file:" (new Error("", "(unknown module)"))
1597642409443	Marionette	INFO	Listening on port 42717
1597642409506	Marionette	WARN	TLS certificate errors will be ignored for this session
1597642426030	geckodriver	INFO	Listening on 127.0.0.1:40799
1597642426040	mozrunner::runner	INFO	Running command: "/usr/bin/firefox" "--marionette" "-foreground" "-no-remote" "-profile" "/tmp/rust_mozprofileqZHmqQ"
console.error: SearchCache: "_readCacheFile: Error reading cache file:" (new Error("", "(unknown module)"))
1597642429577	Marionette	INFO	Listening on port 39183
1597642429601	Marionette	WARN	TLS certificate errors will be ignored for this session
1597642473887	geckodriver	INFO	Listening on 127.0.0.1:51641
1597642473927	mozrunner::runner	INFO	Running command: "/usr/bin/firefox" "--marionette" "-foreground" "-no-remote" "-profile" "/tmp/rust_mozprofilelVv1Nl"
console.error: SearchCache: "_readCacheFile: Error reading cache file:" (new Error("", "(unknown module)"))
1597642478173	Marionette	INFO	Listening on port 40319
1597642478225	Marionette	WARN	TLS certificate errors will be ignored for this session
1597642511361	geckodriver	INFO	Listening on 127.0.0.1:43075
1597642511374	mozrunner::runner	INFO	Running command: "/usr/bin/firefox" "--marionette" "-foreground" "-no-remote" "-profile" "/tmp/rust_mozprofilem0uXme"
console.error: SearchCache: "_readCacheFile: Error reading cache file:" (new Error("", "(unknown module)"))
1597642515103	Marionette	INFO	Listening on port 42405
1597642515184	Marionette	WARN	TLS certificate errors will be ignored for this session
1597642649957	geckodriver	INFO	Listening on 127.0.0.1:46749
1597642649970	mozrunner::runner	INFO	Running command: "/usr/bin/firefox" "--marionette" "-foreground" "-no-remote" "-profile" "/tmp/rust_mozprofile2YILvw"
console.error: SearchCache: "_readCacheFile: Error reading cache file:" (new Error("", "(unknown module)"))
1597642653614	Marionette	INFO	Listening on port 40545
1597642653707	Marionette	WARN	TLS certificate errors will be ignored for this session
1597642753118	geckodriver	INFO	Listening on 127.0.0.1:47525
1597642753193	mozrunner::runner	INFO	Running command: "/usr/bin/firefox" "--marionette" "-foreground" "-no-remote" "-profile" "/tmp/rust_mozprofileND4t2O"
console.error: SearchCache: "_readCacheFile: Error reading cache file:" (new Error("", "(unknown module)"))
1597642757009	Marionette	INFO	Listening on port 41627
1597642757038	Marionette	WARN	TLS certificate errors will be ignored for this session
1597642804692	geckodriver	INFO	Listening on 127.0.0.1:37873
1597642804705	mozrunner::runner	INFO	Running command: "/usr/bin/firefox" "--marionette" "-foreground" "-no-remote" "-profile" "/tmp/rust_mozprofileixda8G"
console.error: SearchCache: "_readCacheFile: Error reading cache file:" (new Error("", "(unknown module)"))
1597642808414	Marionette	INFO	Listening on port 34131
1597642808426	Marionette	WARN	TLS certificate errors will be ignored for this session
1597642849425	geckodriver	INFO	Listening on 127.0.0.1:51081
1597642849438	mozrunner::runner	INFO	Running command: "/usr/bin/firefox" "--marionette" "-foreground" "-no-remote" "-profile" "/tmp/rust_mozprofilepsejIk"
console.error: SearchCache: "_readCacheFile: Error reading cache file:" (new Error("", "(unknown module)"))
1597642854227	Marionette	INFO	Listening on port 43573
1597642854252	Marionette	WARN	TLS certificate errors will be ignored for this session
1597642877237	geckodriver	INFO	Listening on 127.0.0.1:50665
1597642877243	mozrunner::runner	INFO	Running command: "/usr/bin/firefox" "--marionette" "-foreground" "-no-remote" "-profile" "/tmp/rust_mozprofilediLgz1"
console.error: SearchCache: "_readCacheFile: Error reading cache file:" (new Error("", "(unknown module)"))
1597642880739	Marionette	INFO	Listening on port 36301
1597642880766	Marionette	WARN	TLS certificate errors will be ignored for this session
1597642929826	geckodriver	INFO	Listening on 127.0.0.1:42281
1597642929838	mozrunner::runner	INFO	Running command: "/usr/bin/firefox" "--marionette" "-foreground" "-no-remote" "-profile" "/tmp/rust_mozprofileHrvcXr"
console.error: SearchCache: "_readCacheFile: Error reading cache file:" (new Error("", "(unknown module)"))
1597642934465	Marionette	INFO	Listening on port 44539
1597642934567	Marionette	WARN	TLS certificate errors will be ignored for this session
1597642948040	geckodriver	INFO	Listening on 127.0.0.1:35877
1597642948047	mozrunner::runner	INFO	Running command: "/usr/bin/firefox" "--marionette" "-foreground" "-no-remote" "-profile" "/tmp/rust_mozprofile4tXNuD"
console.error: SearchCache: "_readCacheFile: Error reading cache file:" (new Error("", "(unknown module)"))
1597642951710	Marionette	INFO	Listening on port 33035
1597642951759	Marionette	WARN	TLS certificate errors will be ignored for this session
JavaScript error: , line 0: UnknownError: The operation failed for reasons unrelated to the database itself and not covered by any other error code.
1597642965413	Marionette	INFO	Stopped listening on port 42717
1597642966804	Marionette	INFO	Stopped listening on port 43573
1597643139463	geckodriver	INFO	Listening on 127.0.0.1:47567
1597643139469	mozrunner::runner	INFO	Running command: "/usr/bin/firefox" "--marionette" "-foreground" "-no-remote" "-profile" "/tmp/rust_mozprofilepZ8IhX"
console.error: SearchCache: "_readCacheFile: Error reading cache file:" (new Error("", "(unknown module)"))
1597643142903	Marionette	INFO	Listening on port 42709
1597643142978	Marionette	WARN	TLS certificate errors will be ignored for this session
1597643153068	geckodriver	INFO	Listening on 127.0.0.1:33059
1597643153074	mozrunner::runner	INFO	Running command: "/usr/bin/firefox" "--marionette" "-foreground" "-no-remote" "-profile" "/tmp/rust_mozprofile92bcFh"
console.error: SearchCache: "_readCacheFile: Error reading cache file:" (new Error("", "(unknown module)"))
1597643156588	Marionette	INFO	Listening on port 40089
1597643156696	Marionette	WARN	TLS certificate errors will be ignored for this session
1597643248319	geckodriver	INFO	Listening on 127.0.0.1:33817
1597643248326	mozrunner::runner	INFO	Running command: "/usr/bin/firefox" "--marionette" "-foreground" "-no-remote" "-profile" "/tmp/rust_mozprofileuR1yp9"
console.error: SearchCache: "_readCacheFile: Error reading cache file:" (new Error("", "(unknown module)"))
1597643251866	Marionette	INFO	Listening on port 44161
1597643251969	Marionette	WARN	TLS certificate errors will be ignored for this session
1597643265341	Marionette	INFO	Stopped listening on port 44161
1597643323901	geckodriver	INFO	Listening on 127.0.0.1:33269
1597643323912	mozrunner::runner	INFO	Running command: "/usr/bin/firefox" "--marionette" "-foreground" "-no-remote" "-profile" "/tmp/rust_mozprofileOjOuBS"
console.error: SearchCache: "_readCacheFile: Error reading cache file:" (new Error("", "(unknown module)"))
1597643327430	Marionette	INFO	Listening on port 41143
1597643327533	Marionette	WARN	TLS certificate errors will be ignored for this session
1597643369406	geckodriver	INFO	Listening on 127.0.0.1:41921
1597643369419	mozrunner::runner	INFO	Running command: "/usr/bin/firefox" "--marionette" "-foreground" "-no-remote" "-profile" "/tmp/rust_mozprofilejXFfsA"
console.error: SearchCache: "_readCacheFile: Error reading cache file:" (new Error("", "(unknown module)"))
1597643373010	Marionette	INFO	Listening on port 42963
1597643373041	Marionette	WARN	TLS certificate errors will be ignored for this session
JavaScript error: resource://gre/modules/UrlClassifierListManager.jsm, line 691: TypeError: this.tablesData[table] is undefined
1597643380296	Marionette	INFO	Stopped listening on port 42963
1597644412696	geckodriver	INFO	Listening on 127.0.0.1:49281
1597644412703	mozrunner::runner	INFO	Running command: "/usr/bin/firefox" "--marionette" "-foreground" "-no-remote" "-profile" "/tmp/rust_mozprofileoMJROq"
console.error: SearchCache: "_readCacheFile: Error reading cache file:" (new Error("", "(unknown module)"))
1597644416456	Marionette	INFO	Listening on port 46645
1597644416513	Marionette	WARN	TLS certificate errors will be ignored for this session
1597644433491	Marionette	INFO	Stopped listening on port 46645
1597644454593	geckodriver	INFO	Listening on 127.0.0.1:39821
1597644454604	mozrunner::runner	INFO	Running command: "/usr/bin/firefox" "--marionette" "-foreground" "-no-remote" "-profile" "/tmp/rust_mozprofile12g0aS"
console.error: SearchCache: "_readCacheFile: Error reading cache file:" (new Error("", "(unknown module)"))
1597644458215	Marionette	INFO	Listening on port 40991
1597644458315	Marionette	WARN	TLS certificate errors will be ignored for this session
1597644471582	Marionette	INFO	Stopped listening on port 40991
1597644759825	geckodriver	INFO	Listening on 127.0.0.1:36375
1597644759838	mozrunner::runner	INFO	Running command: "/usr/bin/firefox" "--marionette" "-foreground" "-no-remote" "-profile" "/tmp/rust_mozprofileMuwiW9"
console.error: SearchCache: "_readCacheFile: Error reading cache file:" (new Error("", "(unknown module)"))
1597644763405	Marionette	INFO	Listening on port 39935
1597644763450	Marionette	WARN	TLS certificate errors will be ignored for this session
1597644774310	geckodriver	INFO	Listening on 127.0.0.1:50341
1597644774321	mozrunner::runner	INFO	Running command: "/usr/bin/firefox" "--marionette" "-foreground" "-no-remote" "-profile" "/tmp/rust_mozprofileG9mv08"
console.error: SearchCache: "_readCacheFile: Error reading cache file:" (new Error("", "(unknown module)"))
1597644777849	Marionette	INFO	Listening on port 34773
1597644777929	Marionette	WARN	TLS certificate errors will be ignored for this session
1597644791309	geckodriver	INFO	Listening on 127.0.0.1:38925
1597644791321	mozrunner::runner	INFO	Running command: "/usr/bin/firefox" "--marionette" "-foreground" "-no-remote" "-profile" "/tmp/rust_mozprofilee7CP8m"
console.error: SearchCache: "_readCacheFile: Error reading cache file:" (new Error("", "(unknown module)"))
1597644795088	Marionette	INFO	Listening on port 34109
1597644795152	Marionette	WARN	TLS certificate errors will be ignored for this session
1597644801600	Marionette	INFO	Stopped listening on port 34773
1597644922927	geckodriver	INFO	Listening on 127.0.0.1:40657
1597644922934	mozrunner::runner	INFO	Running command: "/usr/bin/firefox" "--marionette" "-foreground" "-no-remote" "-profile" "/tmp/rust_mozprofile2IAHEo"
console.error: SearchCache: "_readCacheFile: Error reading cache file:" (new Error("", "(unknown module)"))
1597644926765	Marionette	INFO	Listening on port 39523
1597644926844	Marionette	WARN	TLS certificate errors will be ignored for this session
1597644944930	Marionette	INFO	Stopped listening on port 39523
1597644946108	geckodriver	INFO	Listening on 127.0.0.1:39477
1597644946119	mozrunner::runner	INFO	Running command: "/usr/bin/firefox" "--marionette" "-foreground" "-no-remote" "-profile" "/tmp/rust_mozprofileo7KrV0"
console.error: SearchCache: "_readCacheFile: Error reading cache file:" (new Error("", "(unknown module)"))
1597644949743	Marionette	INFO	Listening on port 34725
1597644949829	Marionette	WARN	TLS certificate errors will be ignored for this session
1597644963940	Marionette	INFO	Stopped listening on port 34725
1597645934602	geckodriver	INFO	Listening on 127.0.0.1:46819
1597645934613	mozrunner::runner	INFO	Running command: "/usr/bin/firefox" "--marionette" "-foreground" "-no-remote" "-profile" "/tmp/rust_mozprofileoPz8k1"
console.error: SearchCache: "_readCacheFile: Error reading cache file:" (new Error("", "(unknown module)"))
1597645938337	Marionette	INFO	Listening on port 42523
1597645938455	Marionette	WARN	TLS certificate errors will be ignored for this session
1597645954544	Marionette	INFO	Stopped listening on port 42523
1597645957082	geckodriver	INFO	Listening on 127.0.0.1:47173
1597645957091	mozrunner::runner	INFO	Running command: "/usr/bin/firefox" "--marionette" "-foreground" "-no-remote" "-profile" "/tmp/rust_mozprofiledPqGud"
console.error: SearchCache: "_readCacheFile: Error reading cache file:" (new Error("", "(unknown module)"))
1597645960590	Marionette	INFO	Listening on port 40569
1597645960606	Marionette	WARN	TLS certificate errors will be ignored for this session
1597646006329	geckodriver	INFO	Listening on 127.0.0.1:56651
1597646006339	mozrunner::runner	INFO	Running command: "/usr/bin/firefox" "--marionette" "-foreground" "-no-remote" "-profile" "/tmp/rust_mozprofileLXaIIQ"
console.error: SearchCache: "_readCacheFile: Error reading cache file:" (new Error("", "(unknown module)"))
1597646009998	Marionette	INFO	Listening on port 40459
1597646010061	Marionette	WARN	TLS certificate errors will be ignored for this session
1597646148723	geckodriver	INFO	Listening on 127.0.0.1:46433
1597646148736	mozrunner::runner	INFO	Running command: "/usr/bin/firefox" "--marionette" "-foreground" "-no-remote" "-profile" "/tmp/rust_mozprofileNYc8HA"
console.error: SearchCache: "_readCacheFile: Error reading cache file:" (new Error("", "(unknown module)"))
1597646152223	Marionette	INFO	Listening on port 40893
1597646152246	Marionette	WARN	TLS certificate errors will be ignored for this session
1597646263947	geckodriver	INFO	Listening on 127.0.0.1:46685
1597646263960	mozrunner::runner	INFO	Running command: "/usr/bin/firefox" "--marionette" "-foreground" "-no-remote" "-profile" "/tmp/rust_mozprofileQDREzm"
console.error: SearchCache: "_readCacheFile: Error reading cache file:" (new Error("", "(unknown module)"))
1597646268147	Marionette	INFO	Listening on port 32895
1597646268172	Marionette	WARN	TLS certificate errors will be ignored for this session
JavaScript error: , line 0: UnknownError: The operation failed for reasons unrelated to the database itself and not covered by any other error code.
1597646268701	Marionette	INFO	Stopped listening on port 40893
JavaScript error: , line 0: UnknownError: The operation failed for reasons unrelated to the database itself and not covered by any other error code.
1597646271120	Marionette	INFO	Stopped listening on port 34109
1597646282959	geckodriver	INFO	Listening on 127.0.0.1:32999
1597646282970	mozrunner::runner	INFO	Running command: "/usr/bin/firefox" "--marionette" "-foreground" "-no-remote" "-profile" "/tmp/rust_mozprofilerohETr"
console.error: SearchCache: "_readCacheFile: Error reading cache file:" (new Error("", "(unknown module)"))
1597646286431	Marionette	INFO	Listening on port 36071
1597646286479	Marionette	WARN	TLS certificate errors will be ignored for this session
1597646512722	geckodriver	INFO	Listening on 127.0.0.1:49081
1597646512735	mozrunner::runner	INFO	Running command: "/usr/bin/firefox" "--marionette" "-foreground" "-no-remote" "-profile" "/tmp/rust_mozprofileuEkhfe"
1597646524294	geckodriver	INFO	Listening on 127.0.0.1:45747
1597646524306	mozrunner::runner	INFO	Running command: "/usr/bin/firefox" "--marionette" "-foreground" "-no-remote" "-profile" "/tmp/rust_mozprofile0zgiTF"
console.error: SearchCache: "_readCacheFile: Error reading cache file:" (new Error("", "(unknown module)"))
1597646527774	Marionette	INFO	Listening on port 41295
1597646527816	Marionette	WARN	TLS certificate errors will be ignored for this session
1597646546749	geckodriver	INFO	Listening on 127.0.0.1:54441
1597646546757	mozrunner::runner	INFO	Running command: "/usr/bin/firefox" "--marionette" "-foreground" "-no-remote" "-profile" "/tmp/rust_mozprofilejVQX5b"
console.error: SearchCache: "_readCacheFile: Error reading cache file:" (new Error("", "(unknown module)"))
1597646550278	Marionette	INFO	Listening on port 40175
1597646550384	Marionette	WARN	TLS certificate errors will be ignored for this session
1597646569840	geckodriver	INFO	Listening on 127.0.0.1:41425
1597646569853	mozrunner::runner	INFO	Running command: "/usr/bin/firefox" "--marionette" "-foreground" "-no-remote" "-profile" "/tmp/rust_mozprofileswG7hJ"
console.error: SearchCache: "_readCacheFile: Error reading cache file:" (new Error("", "(unknown module)"))
1597646574520	Marionette	INFO	Listening on port 38429
1597646574564	Marionette	WARN	TLS certificate errors will be ignored for this session
1597646605486	geckodriver	INFO	Listening on 127.0.0.1:52983
1597646605495	mozrunner::runner	INFO	Running command: "/usr/bin/firefox" "--marionette" "-foreground" "-no-remote" "-profile" "/tmp/rust_mozprofilea2QZfg"
console.error: SearchCache: "_readCacheFile: Error reading cache file:" (new Error("", "(unknown module)"))
1597646609197	Marionette	INFO	Listening on port 44093
1597646609207	Marionette	WARN	TLS certificate errors will be ignored for this session
1597646645416	geckodriver	INFO	Listening on 127.0.0.1:48547
1597646645427	mozrunner::runner	INFO	Running command: "/usr/bin/firefox" "--marionette" "-foreground" "-no-remote" "-profile" "/tmp/rust_mozprofilesPXIvx"
console.error: SearchCache: "_readCacheFile: Error reading cache file:" (new Error("", "(unknown module)"))
1597646648887	Marionette	INFO	Listening on port 35319
1597646648940	Marionette	WARN	TLS certificate errors will be ignored for this session
1597646835354	geckodriver	INFO	Listening on 127.0.0.1:39887
1597646835367	mozrunner::runner	INFO	Running command: "/usr/bin/firefox" "--marionette" "-foreground" "-no-remote" "-profile" "/tmp/rust_mozprofileF7NosR"
console.error: SearchCache: "_readCacheFile: Error reading cache file:" (new Error("", "(unknown module)"))
1597646838964	Marionette	INFO	Listening on port 34187
1597646838981	Marionette	WARN	TLS certificate errors will be ignored for this session
1597646847814	Marionette	WARN	TimedPromise timed out after 0 ms: stacktrace:
TimedPromise/<@chrome://marionette/content/sync.js:245:13
TimedPromise@chrome://marionette/content/sync.js:230:10
Sleep@chrome://marionette/content/sync.js:283:10
dispatchPause@chrome://marionette/content/action.js:1482:10
toEvents/<@chrome://marionette/content/action.js:1156:16
action.dispatchTickActions@chrome://marionette/content/action.js:1060:35
action.dispatch/chainEvents<@chrome://marionette/content/action.js:1028:20
action.dispatch@chrome://marionette/content/action.js:1034:5
performActions@chrome://marionette/content/listener.js:868:16
dispatch/</req<@chrome://marionette/content/listener.js:541:14
dispatch/<@chrome://marionette/content/listener.js:534:15
1597646848064	Marionette	WARN	TimedPromise timed out after 0 ms: stacktrace:
TimedPromise/<@chrome://marionette/content/sync.js:245:13
TimedPromise@chrome://marionette/content/sync.js:230:10
Sleep@chrome://marionette/content/sync.js:283:10
dispatchPause@chrome://marionette/content/action.js:1482:10
toEvents/<@chrome://marionette/content/action.js:1156:16
action.dispatchTickActions@chrome://marionette/content/action.js:1060:35
action.dispatch/chainEvents<@chrome://marionette/content/action.js:1028:20
1597646848070	Marionette	WARN	TimedPromise timed out after 0 ms: stacktrace:
TimedPromise/<@chrome://marionette/content/sync.js:245:13
TimedPromise@chrome://marionette/content/sync.js:230:10
Sleep@chrome://marionette/content/sync.js:283:10
dispatchPause@chrome://marionette/content/action.js:1482:10
toEvents/<@chrome://marionette/content/action.js:1156:16
action.dispatchTickActions@chrome://marionette/content/action.js:1060:35
action.dispatch/chainEvents<@chrome://marionette/content/action.js:1028:20
1597646869895	geckodriver	INFO	Listening on 127.0.0.1:59617
1597646869908	mozrunner::runner	INFO	Running command: "/usr/bin/firefox" "--marionette" "-foreground" "-no-remote" "-profile" "/tmp/rust_mozprofilewRBf1v"
console.error: SearchCache: "_readCacheFile: Error reading cache file:" (new Error("", "(unknown module)"))
1597646873429	Marionette	INFO	Listening on port 45813
1597646873516	Marionette	WARN	TLS certificate errors will be ignored for this session
1597646882146	Marionette	WARN	TimedPromise timed out after 0 ms: stacktrace:
TimedPromise/<@chrome://marionette/content/sync.js:245:13
TimedPromise@chrome://marionette/content/sync.js:230:10
Sleep@chrome://marionette/content/sync.js:283:10
dispatchPause@chrome://marionette/content/action.js:1482:10
toEvents/<@chrome://marionette/content/action.js:1156:16
action.dispatchTickActions@chrome://marionette/content/action.js:1060:35
action.dispatch/chainEvents<@chrome://marionette/content/action.js:1028:20
action.dispatch@chrome://marionette/content/action.js:1034:5
performActions@chrome://marionette/content/listener.js:868:16
dispatch/</req<@chrome://marionette/content/listener.js:541:14
dispatch/<@chrome://marionette/content/listener.js:534:15
1597646882414	Marionette	WARN	TimedPromise timed out after 0 ms: stacktrace:
TimedPromise/<@chrome://marionette/content/sync.js:245:13
TimedPromise@chrome://marionette/content/sync.js:230:10
Sleep@chrome://marionette/content/sync.js:283:10
dispatchPause@chrome://marionette/content/action.js:1482:10
toEvents/<@chrome://marionette/content/action.js:1156:16
action.dispatchTickActions@chrome://marionette/content/action.js:1060:35
action.dispatch/chainEvents<@chrome://marionette/content/action.js:1028:20
1597646882418	Marionette	WARN	TimedPromise timed out after 0 ms: stacktrace:
TimedPromise/<@chrome://marionette/content/sync.js:245:13
TimedPromise@chrome://marionette/content/sync.js:230:10
Sleep@chrome://marionette/content/sync.js:283:10
dispatchPause@chrome://marionette/content/action.js:1482:10
toEvents/<@chrome://marionette/content/action.js:1156:16
action.dispatchTickActions@chrome://marionette/content/action.js:1060:35
action.dispatch/chainEvents<@chrome://marionette/content/action.js:1028:20
1597646895494	Marionette	INFO	Stopped listening on port 45813
1597647083058	geckodriver	INFO	Listening on 127.0.0.1:49363
1597647083072	mozrunner::runner	INFO	Running command: "/usr/bin/firefox" "--marionette" "-foreground" "-no-remote" "-profile" "/tmp/rust_mozprofilegg3rul"
console.error: SearchCache: "_readCacheFile: Error reading cache file:" (new Error("", "(unknown module)"))
1597647086512	Marionette	INFO	Listening on port 46467
1597647086589	Marionette	WARN	TLS certificate errors will be ignored for this session
JavaScript error: resource://activity-stream/lib/ActivityStreamPrefs.jsm, line 27: NS_ERROR_ILLEGAL_VALUE: Component returned failure code: 0x80070057 (NS_ERROR_ILLEGAL_VALUE) [nsIPrefBranch.removeObserver]
console.error: Region.jsm: "Error fetching region" (new TypeError("NetworkError when attempting to fetch resource.", ""))
console.error: Region.jsm: "Failed to fetch region" (new Error("NO_RESULT", "resource://gre/modules/Region.jsm", 343))
console.error: services.settings: 
  main/fxmonitor-breaches Signature failed  TypeError: NetworkError when attempting to fetch resource.
1597647097196	geckodriver	INFO	Listening on 127.0.0.1:37037
1597647097202	mozrunner::runner	INFO	Running command: "/usr/bin/firefox" "--marionette" "-foreground" "-no-remote" "-profile" "/tmp/rust_mozprofileqrifQ6"
console.error: SearchCache: "_readCacheFile: Error reading cache file:" (new Error("", "(unknown module)"))
1597647100825	Marionette	INFO	Listening on port 42953
1597647100914	Marionette	WARN	TLS certificate errors will be ignored for this session
1597647125729	geckodriver	INFO	Listening on 127.0.0.1:55313
1597647125742	mozrunner::runner	INFO	Running command: "/usr/bin/firefox" "--marionette" "-foreground" "-no-remote" "-profile" "/tmp/rust_mozprofiletqrzAz"
console.error: SearchCache: "_readCacheFile: Error reading cache file:" (new Error("", "(unknown module)"))
1597647129363	Marionette	INFO	Listening on port 42335
1597647129451	Marionette	WARN	TLS certificate errors will be ignored for this session
1597647280542	geckodriver	INFO	Listening on 127.0.0.1:49797
1597647280566	mozrunner::runner	INFO	Running command: "/usr/bin/firefox" "--marionette" "-foreground" "-no-remote" "-profile" "/tmp/rust_mozprofileBnGWfl"
console.error: SearchCache: "_readCacheFile: Error reading cache file:" (new Error("", "(unknown module)"))
1597647285061	Marionette	INFO	Listening on port 37907
1597647285092	Marionette	WARN	TLS certificate errors will be ignored for this session
1597647309594	geckodriver	INFO	Listening on 127.0.0.1:51679
1597647309602	mozrunner::runner	INFO	Running command: "/usr/bin/firefox" "--marionette" "-foreground" "-no-remote" "-profile" "/tmp/rust_mozprofileOiaAZv"
console.error: SearchCache: "_readCacheFile: Error reading cache file:" (new Error("", "(unknown module)"))
1597647313207	Marionette	INFO	Listening on port 34163
1597647313218	Marionette	WARN	TLS certificate errors will be ignored for this session
1597647363728	geckodriver	INFO	Listening on 127.0.0.1:39535
1597647363739	mozrunner::runner	INFO	Running command: "/usr/bin/firefox" "--marionette" "-foreground" "-no-remote" "-profile" "/tmp/rust_mozprofilehc437v"
console.error: SearchCache: "_readCacheFile: Error reading cache file:" (new Error("", "(unknown module)"))
1597647367186	Marionette	INFO	Listening on port 45057
1597647367248	Marionette	WARN	TLS certificate errors will be ignored for this session
1597647429431	geckodriver	INFO	Listening on 127.0.0.1:51399
1597647429441	mozrunner::runner	INFO	Running command: "/usr/bin/firefox" "--marionette" "-foreground" "-no-remote" "-profile" "/tmp/rust_mozprofileyqkZn9"
console.error: SearchCache: "_readCacheFile: Error reading cache file:" (new Error("", "(unknown module)"))
1597647432961	Marionette	INFO	Listening on port 38415
1597647433073	Marionette	WARN	TLS certificate errors will be ignored for this session
1597647446795	geckodriver	INFO	Listening on 127.0.0.1:51697
1597647446807	mozrunner::runner	INFO	Running command: "/usr/bin/firefox" "--marionette" "-foreground" "-no-remote" "-profile" "/tmp/rust_mozprofileQHOAI1"
console.error: SearchCache: "_readCacheFile: Error reading cache file:" (new Error("", "(unknown module)"))
1597647450408	Marionette	INFO	Listening on port 43707
1597647450425	Marionette	WARN	TLS certificate errors will be ignored for this session
1597647472141	geckodriver	INFO	Listening on 127.0.0.1:58199
1597647472152	mozrunner::runner	INFO	Running command: "/usr/bin/firefox" "--marionette" "-foreground" "-no-remote" "-profile" "/tmp/rust_mozprofilexOYEUU"
console.error: SearchCache: "_readCacheFile: Error reading cache file:" (new Error("", "(unknown module)"))
1597647475732	Marionette	INFO	Listening on port 38673
1597647475764	Marionette	WARN	TLS certificate errors will be ignored for this session
1597647548097	geckodriver	INFO	Listening on 127.0.0.1:33475
1597647548109	mozrunner::runner	INFO	Running command: "/usr/bin/firefox" "--marionette" "-foreground" "-no-remote" "-profile" "/tmp/rust_mozprofileTbm3wf"
console.error: SearchCache: "_readCacheFile: Error reading cache file:" (new Error("", "(unknown module)"))
1597647551644	Marionette	INFO	Listening on port 36321
1597647551717	Marionette	WARN	TLS certificate errors will be ignored for this session
1597647573010	Marionette	INFO	Stopped listening on port 36321
1597647763706	geckodriver	INFO	Listening on 127.0.0.1:52801
1597647763713	mozrunner::runner	INFO	Running command: "/usr/bin/firefox" "--marionette" "-foreground" "-no-remote" "-profile" "/tmp/rust_mozprofilei0apkA"
console.error: SearchCache: "_readCacheFile: Error reading cache file:" (new Error("", "(unknown module)"))
1597647767525	Marionette	INFO	Listening on port 36795
1597647767630	Marionette	WARN	TLS certificate errors will be ignored for this session
1597647790782	Marionette	INFO	Stopped listening on port 36795
JavaScript error: , line 0: UnknownError: The operation failed for reasons unrelated to the database itself and not covered by any other error code.
1597647792598	Marionette	INFO	Stopped listening on port 38673
1597648959906	geckodriver	INFO	Listening on 127.0.0.1:47421
1597648959917	mozrunner::runner	INFO	Running command: "/usr/bin/firefox" "--marionette" "-foreground" "-no-remote" "-profile" "/tmp/rust_mozprofileR64ocK"
console.error: SearchCache: "_readCacheFile: Error reading cache file:" (new Error("", "(unknown module)"))
1597648964346	Marionette	INFO	Listening on port 44145
1597648964445	Marionette	WARN	TLS certificate errors will be ignored for this session
JavaScript error: , line 0: UnknownError: The operation failed for reasons unrelated to the database itself and not covered by any other error code.
1597649011314	Marionette	INFO	Stopped listening on port 44145
1597649011784	geckodriver	INFO	Listening on 127.0.0.1:39323
1597649011794	mozrunner::runner	INFO	Running command: "/usr/bin/firefox" "--marionette" "-foreground" "-no-remote" "-profile" "/tmp/rust_mozprofileSmPv6K"
console.error: SearchCache: "_readCacheFile: Error reading cache file:" (new Error("", "(unknown module)"))
1597649015404	Marionette	INFO	Listening on port 43987
1597649015503	Marionette	WARN	TLS certificate errors will be ignored for this session
1597649086129	Marionette	INFO	Stopped listening on port 43987
1597649087193	geckodriver	INFO	Listening on 127.0.0.1:36091
1597649087204	mozrunner::runner	INFO	Running command: "/usr/bin/firefox" "--marionette" "-foreground" "-no-remote" "-profile" "/tmp/rust_mozprofileIfsyCs"
console.error: SearchCache: "_readCacheFile: Error reading cache file:" (new Error("", "(unknown module)"))
1597649090844	Marionette	INFO	Listening on port 34831
1597649090914	Marionette	WARN	TLS certificate errors will be ignored for this session
1597649142901	geckodriver	INFO	Listening on 127.0.0.1:43505
1597649142912	mozrunner::runner	INFO	Running command: "/usr/bin/firefox" "--marionette" "-foreground" "-no-remote" "-profile" "/tmp/rust_mozprofile9GIc2m"
console.error: SearchCache: "_readCacheFile: Error reading cache file:" (new Error("", "(unknown module)"))
1597649146335	Marionette	INFO	Listening on port 45987
1597649146424	Marionette	WARN	TLS certificate errors will be ignored for this session
1597649191613	geckodriver	INFO	Listening on 127.0.0.1:54437
1597649191626	mozrunner::runner	INFO	Running command: "/usr/bin/firefox" "--marionette" "-foreground" "-no-remote" "-profile" "/tmp/rust_mozprofileIgEwKb"
console.error: SearchCache: "_readCacheFile: Error reading cache file:" (new Error("", "(unknown module)"))
1597649195324	Marionette	INFO	Listening on port 44393
1597649195341	Marionette	WARN	TLS certificate errors will be ignored for this session
1597649269369	geckodriver	INFO	Listening on 127.0.0.1:60889
1597649269382	mozrunner::runner	INFO	Running command: "/usr/bin/firefox" "--marionette" "-foreground" "-no-remote" "-profile" "/tmp/rust_mozprofileRUKCUq"
console.error: SearchCache: "_readCacheFile: Error reading cache file:" (new Error("", "(unknown module)"))
1597649272982	Marionette	INFO	Listening on port 40843
1597649272995	Marionette	WARN	TLS certificate errors will be ignored for this session
1597649286659	Marionette	INFO	Stopped listening on port 40843
1597649293802	geckodriver	INFO	Listening on 127.0.0.1:42435
1597649293810	mozrunner::runner	INFO	Running command: "/usr/bin/firefox" "--marionette" "-foreground" "-no-remote" "-profile" "/tmp/rust_mozprofileD9V6wH"
console.error: SearchCache: "_readCacheFile: Error reading cache file:" (new Error("", "(unknown module)"))
1597649297465	Marionette	INFO	Listening on port 37759
1597649297520	Marionette	WARN	TLS certificate errors will be ignored for this session
1597649311782	Marionette	INFO	Stopped listening on port 37759
1597649320628	geckodriver	INFO	Listening on 127.0.0.1:41457
1597649320634	mozrunner::runner	INFO	Running command: "/usr/bin/firefox" "--marionette" "-foreground" "-no-remote" "-profile" "/tmp/rust_mozprofileL3jwk6"
console.error: SearchCache: "_readCacheFile: Error reading cache file:" (new Error("", "(unknown module)"))
1597649324001	Marionette	INFO	Listening on port 34665
1597649324045	Marionette	WARN	TLS certificate errors will be ignored for this session
1597649369927	geckodriver	INFO	Listening on 127.0.0.1:34273
1597649369940	mozrunner::runner	INFO	Running command: "/usr/bin/firefox" "--marionette" "-foreground" "-no-remote" "-profile" "/tmp/rust_mozprofileqdG32i"
console.error: SearchCache: "_readCacheFile: Error reading cache file:" (new Error("", "(unknown module)"))
1597649373404	Marionette	INFO	Listening on port 46767
1597649373449	Marionette	WARN	TLS certificate errors will be ignored for this session
1597649407520	geckodriver	INFO	Listening on 127.0.0.1:37575
1597649407531	mozrunner::runner	INFO	Running command: "/usr/bin/firefox" "--marionette" "-foreground" "-no-remote" "-profile" "/tmp/rust_mozprofilecfh2QP"
console.error: SearchCache: "_readCacheFile: Error reading cache file:" (new Error("", "(unknown module)"))
1597649410925	Marionette	INFO	Listening on port 35563
1597649410940	Marionette	WARN	TLS certificate errors will be ignored for this session
1597649438705	Marionette	INFO	Stopped listening on port 35563
1597649507660	geckodriver	INFO	Listening on 127.0.0.1:36289
1597649507673	mozrunner::runner	INFO	Running command: "/usr/bin/firefox" "--marionette" "-foreground" "-no-remote" "-profile" "/tmp/rust_mozprofileglweNV"
console.error: SearchCache: "_readCacheFile: Error reading cache file:" (new Error("", "(unknown module)"))
1597649512175	Marionette	INFO	Listening on port 36899
1597649512190	Marionette	WARN	TLS certificate errors will be ignored for this session
1597649825626	geckodriver	INFO	Listening on 127.0.0.1:59837
1597649825639	mozrunner::runner	INFO	Running command: "/usr/bin/firefox" "--marionette" "-foreground" "-no-remote" "-profile" "/tmp/rust_mozprofilebcxLUx"
console.error: SearchCache: "_readCacheFile: Error reading cache file:" (new Error("", "(unknown module)"))
1597649829166	Marionette	INFO	Listening on port 41469
1597649829257	Marionette	WARN	TLS certificate errors will be ignored for this session
1597649863050	Marionette	INFO	Stopped listening on port 41469
JavaScript error: chrome://browser/content/browser-customization.js, line 172: NS_ERROR_NOT_INITIALIZED: 
JavaScript error: , line 0: UnknownError: The operation failed for reasons unrelated to the database itself and not covered by any other error code.
1597649865262	Marionette	INFO	Stopped listening on port 36899
1597649866329	geckodriver	INFO	Listening on 127.0.0.1:42245
1597649866338	mozrunner::runner	INFO	Running command: "/usr/bin/firefox" "--marionette" "-foreground" "-no-remote" "-profile" "/tmp/rust_mozprofile9wLPtD"
console.error: SearchCache: "_readCacheFile: Error reading cache file:" (new Error("", "(unknown module)"))
1597649869967	Marionette	INFO	Listening on port 38095
1597649870058	Marionette	WARN	TLS certificate errors will be ignored for this session
1597650067656	geckodriver	INFO	Listening on 127.0.0.1:46717
1597650067669	mozrunner::runner	INFO	Running command: "/usr/bin/firefox" "--marionette" "-foreground" "-no-remote" "-profile" "/tmp/rust_mozprofileZe5eLC"
console.error: SearchCache: "_readCacheFile: Error reading cache file:" (new Error("", "(unknown module)"))
1597650071038	Marionette	INFO	Listening on port 36237
1597650071079	Marionette	WARN	TLS certificate errors will be ignored for this session
1597650100259	geckodriver	INFO	Listening on 127.0.0.1:40781
1597650100265	mozrunner::runner	INFO	Running command: "/usr/bin/firefox" "--marionette" "-foreground" "-no-remote" "-profile" "/tmp/rust_mozprofilejqP9Nf"
console.error: SearchCache: "_readCacheFile: Error reading cache file:" (new Error("", "(unknown module)"))
1597650104093	Marionette	INFO	Listening on port 41655
1597650104181	Marionette	WARN	TLS certificate errors will be ignored for this session
1597650145357	geckodriver	INFO	Listening on 127.0.0.1:45573
1597650145370	mozrunner::runner	INFO	Running command: "/usr/bin/firefox" "--marionette" "-foreground" "-no-remote" "-profile" "/tmp/rust_mozprofile3WDqBY"
console.error: SearchCache: "_readCacheFile: Error reading cache file:" (new Error("", "(unknown module)"))
1597650148862	Marionette	INFO	Listening on port 45281
1597650148882	Marionette	WARN	TLS certificate errors will be ignored for this session
JavaScript error: , line 0: UnknownError: The operation failed for reasons unrelated to the database itself and not covered by any other error code.
1597650174027	Marionette	INFO	Stopped listening on port 36237
JavaScript error: , line 0: UnknownError: The operation failed for reasons unrelated to the database itself and not covered by any other error code.
1597650177058	Marionette	INFO	Stopped listening on port 41655
1597650177709	Marionette	INFO	Stopped listening on port 45281
JavaScript error: , line 0: UnknownError: The operation failed for reasons unrelated to the database itself and not covered by any other error code.
1597650178861	Marionette	INFO	Stopped listening on port 38095
1597650179465	geckodriver	INFO	Listening on 127.0.0.1:50533
1597650179472	mozrunner::runner	INFO	Running command: "/usr/bin/firefox" "--marionette" "-foreground" "-no-remote" "-profile" "/tmp/rust_mozprofiletd91XL"
console.error: SearchCache: "_readCacheFile: Error reading cache file:" (new Error("", "(unknown module)"))
1597650183178	Marionette	INFO	Listening on port 34409
1597650183191	Marionette	WARN	TLS certificate errors will be ignored for this session
JavaScript error: , line 0: UnknownError: The operation failed for reasons unrelated to the database itself and not covered by any other error code.
1597650228422	Marionette	INFO	Stopped listening on port 34409
1597650228873	geckodriver	INFO	Listening on 127.0.0.1:48653
1597650228886	mozrunner::runner	INFO	Running command: "/usr/bin/firefox" "--marionette" "-foreground" "-no-remote" "-profile" "/tmp/rust_mozprofile18AQlh"
console.error: SearchCache: "_readCacheFile: Error reading cache file:" (new Error("", "(unknown module)"))
1597650233411	Marionette	INFO	Listening on port 44631
1597650233496	Marionette	WARN	TLS certificate errors will be ignored for this session
1597650328468	geckodriver	INFO	Listening on 127.0.0.1:50533
1597650328481	mozrunner::runner	INFO	Running command: "/usr/bin/firefox" "--marionette" "-foreground" "-no-remote" "-profile" "/tmp/rust_mozprofilefFgRvc"
console.error: SearchCache: "_readCacheFile: Error reading cache file:" (new Error("", "(unknown module)"))
1597650331916	Marionette	INFO	Listening on port 44885
1597650331989	Marionette	WARN	TLS certificate errors will be ignored for this session
1597651220637	geckodriver	INFO	Listening on 127.0.0.1:51081
1597651220651	mozrunner::runner	INFO	Running command: "/usr/bin/firefox" "--marionette" "-foreground" "-no-remote" "-profile" "/tmp/rust_mozprofiletP8NPp"
console.error: SearchCache: "_readCacheFile: Error reading cache file:" (new Error("", "(unknown module)"))
1597651224207	Marionette	INFO	Listening on port 39079
1597651224264	Marionette	WARN	TLS certificate errors will be ignored for this session
JavaScript error: , line 0: UnknownError: The operation failed for reasons unrelated to the database itself and not covered by any other error code.
1597651266974	Marionette	INFO	Stopped listening on port 44885
1597651267816	geckodriver	INFO	Listening on 127.0.0.1:36355
1597651267822	mozrunner::runner	INFO	Running command: "/usr/bin/firefox" "--marionette" "-foreground" "-no-remote" "-profile" "/tmp/rust_mozprofile6Y16NI"
console.error: SearchCache: "_readCacheFile: Error reading cache file:" (new Error("", "(unknown module)"))
1597651271236	Marionette	INFO	Listening on port 33543
1597651271345	Marionette	WARN	TLS certificate errors will be ignored for this session
1597651315494	Marionette	INFO	Stopped listening on port 33543
1597651316460	geckodriver	INFO	Listening on 127.0.0.1:55425
1597651316469	mozrunner::runner	INFO	Running command: "/usr/bin/firefox" "--marionette" "-foreground" "-no-remote" "-profile" "/tmp/rust_mozprofileAhkUdM"
console.error: SearchCache: "_readCacheFile: Error reading cache file:" (new Error("", "(unknown module)"))
1597651320177	Marionette	INFO	Listening on port 34611
1597651320284	Marionette	WARN	TLS certificate errors will be ignored for this session
1597651345159	geckodriver	INFO	Listening on 127.0.0.1:55331
1597651345171	mozrunner::runner	INFO	Running command: "/usr/bin/firefox" "--marionette" "-foreground" "-no-remote" "-profile" "/tmp/rust_mozprofilei0Mb8k"
console.error: SearchCache: "_readCacheFile: Error reading cache file:" (new Error("", "(unknown module)"))
1597651349033	Marionette	INFO	Listening on port 41719
1597651349084	Marionette	WARN	TLS certificate errors will be ignored for this session
1597651374421	Marionette	INFO	Stopped listening on port 41719
1597651585317	geckodriver	INFO	Listening on 127.0.0.1:34867
1597651585331	mozrunner::runner	INFO	Running command: "/usr/bin/firefox" "--marionette" "-foreground" "-no-remote" "-profile" "/tmp/rust_mozprofileEIPPUo"
console.error: SearchCache: "_readCacheFile: Error reading cache file:" (new Error("", "(unknown module)"))
1597651589074	Marionette	INFO	Listening on port 34951
1597651589140	Marionette	WARN	TLS certificate errors will be ignored for this session
1597651610186	geckodriver	INFO	Listening on 127.0.0.1:38881
1597651610193	mozrunner::runner	INFO	Running command: "/usr/bin/firefox" "--marionette" "-foreground" "-no-remote" "-profile" "/tmp/rust_mozprofileWeWGAo"
console.error: SearchCache: "_readCacheFile: Error reading cache file:" (new Error("", "(unknown module)"))
1597651613925	Marionette	INFO	Listening on port 42655
1597651614021	Marionette	WARN	TLS certificate errors will be ignored for this session
1597651834739	geckodriver	INFO	Listening on 127.0.0.1:37645
1597651834749	mozrunner::runner	INFO	Running command: "/usr/bin/firefox" "--marionette" "-foreground" "-no-remote" "-profile" "/tmp/rust_mozprofilef8wKA6"
console.error: SearchCache: "_readCacheFile: Error reading cache file:" (new Error("", "(unknown module)"))
1597651838649	Marionette	INFO	Listening on port 43963
1597651838664	Marionette	WARN	TLS certificate errors will be ignored for this session
1597651858889	Marionette	INFO	Stopped listening on port 43963
1597651863805	geckodriver	INFO	Listening on 127.0.0.1:59783
1597651863818	mozrunner::runner	INFO	Running command: "/usr/bin/firefox" "--marionette" "-foreground" "-no-remote" "-profile" "/tmp/rust_mozprofilezblUFL"
console.error: SearchCache: "_readCacheFile: Error reading cache file:" (new Error("", "(unknown module)"))
1597651867822	Marionette	INFO	Listening on port 40669
1597651867828	Marionette	WARN	TLS certificate errors will be ignored for this session
1597651986559	geckodriver	INFO	Listening on 127.0.0.1:44455
1597651986566	mozrunner::runner	INFO	Running command: "/usr/bin/firefox" "--marionette" "-foreground" "-no-remote" "-profile" "/tmp/rust_mozprofilerswR81"
console.error: SearchCache: "_readCacheFile: Error reading cache file:" (new Error("", "(unknown module)"))
1597651990302	Marionette	INFO	Listening on port 46445
1597651990400	Marionette	WARN	TLS certificate errors will be ignored for this session
JavaScript error: resource://gre/modules/UrlClassifierListManager.jsm, line 691: TypeError: this.tablesData[table] is undefined
1597652041366	geckodriver	INFO	Listening on 127.0.0.1:52759
1597652041378	mozrunner::runner	INFO	Running command: "/usr/bin/firefox" "--marionette" "-foreground" "-no-remote" "-profile" "/tmp/rust_mozprofileQ0vBfp"
console.error: SearchCache: "_readCacheFile: Error reading cache file:" (new Error("", "(unknown module)"))
1597652044970	Marionette	INFO	Listening on port 43251
1597652044986	Marionette	WARN	TLS certificate errors will be ignored for this session
1597652149172	geckodriver	INFO	Listening on 127.0.0.1:36735
1597652149179	mozrunner::runner	INFO	Running command: "/usr/bin/firefox" "--marionette" "-foreground" "-no-remote" "-profile" "/tmp/rust_mozprofileYakzYo"
console.error: SearchCache: "_readCacheFile: Error reading cache file:" (new Error("", "(unknown module)"))
1597652152704	Marionette	INFO	Listening on port 38807
1597652152815	Marionette	WARN	TLS certificate errors will be ignored for this session
JavaScript error: , line 0: UnknownError: The operation failed for reasons unrelated to the database itself and not covered by any other error code.
1597652201033	Marionette	INFO	Stopped listening on port 40669
1597652206372	geckodriver	INFO	Listening on 127.0.0.1:59307
1597652206385	mozrunner::runner	INFO	Running command: "/usr/bin/firefox" "--marionette" "-foreground" "-no-remote" "-profile" "/tmp/rust_mozprofilerQdyOZ"
console.error: SearchCache: "_readCacheFile: Error reading cache file:" (new Error("", "(unknown module)"))
1597652209950	Marionette	INFO	Listening on port 40075
1597652209995	Marionette	WARN	TLS certificate errors will be ignored for this session
1597652234857	geckodriver	INFO	Listening on 127.0.0.1:36959
1597652234869	mozrunner::runner	INFO	Running command: "/usr/bin/firefox" "--marionette" "-foreground" "-no-remote" "-profile" "/tmp/rust_mozprofilemFI45g"
console.error: SearchCache: "_readCacheFile: Error reading cache file:" (new Error("", "(unknown module)"))
1597652238455	Marionette	INFO	Listening on port 35979
1597652238478	Marionette	WARN	TLS certificate errors will be ignored for this session
1597652263542	Marionette	INFO	Stopped listening on port 35979
1597652270394	geckodriver	INFO	Listening on 127.0.0.1:42443
1597652270408	mozrunner::runner	INFO	Running command: "/usr/bin/firefox" "--marionette" "-foreground" "-no-remote" "-profile" "/tmp/rust_mozprofilejmO4v0"
console.error: SearchCache: "_readCacheFile: Error reading cache file:" (new Error("", "(unknown module)"))
1597652273820	Marionette	INFO	Listening on port 38933
1597652273916	Marionette	WARN	TLS certificate errors will be ignored for this session
JavaScript error: resource://devtools/client/inspector/flexbox/flexbox.js, line 55: TypeError: this.inspector is null
JavaScript error: resource://devtools/client/inspector/grids/grid-inspector.js, line 104: TypeError: this.inspector is null
1597652455004	geckodriver	INFO	Listening on 127.0.0.1:37935
1597652455015	mozrunner::runner	INFO	Running command: "/usr/bin/firefox" "--marionette" "-foreground" "-no-remote" "-profile" "/tmp/rust_mozprofileFHXHG4"
console.error: SearchCache: "_readCacheFile: Error reading cache file:" (new Error("", "(unknown module)"))
1597652459037	Marionette	INFO	Listening on port 35109
1597652459125	Marionette	WARN	TLS certificate errors will be ignored for this session
1597652562434	geckodriver	INFO	Listening on 127.0.0.1:56119
1597652562440	mozrunner::runner	INFO	Running command: "/usr/bin/firefox" "--marionette" "-foreground" "-no-remote" "-profile" "/tmp/rust_mozprofilel12OIb"
console.error: SearchCache: "_readCacheFile: Error reading cache file:" (new Error("", "(unknown module)"))
1597652566229	Marionette	INFO	Listening on port 34901
1597652566255	Marionette	WARN	TLS certificate errors will be ignored for this session
JavaScript error: , line 0: UnknownError: The operation failed for reasons unrelated to the database itself and not covered by any other error code.
1597652592577	Marionette	INFO	Stopped listening on port 35109
1597652595234	Marionette	INFO	Stopped listening on port 34901
1597652731802	geckodriver	INFO	Listening on 127.0.0.1:38961
1597652731813	mozrunner::runner	INFO	Running command: "/usr/bin/firefox" "--marionette" "-foreground" "-no-remote" "-profile" "/tmp/rust_mozprofileEAA8uy"
console.error: SearchCache: "_readCacheFile: Error reading cache file:" (new Error("", "(unknown module)"))
1597652735169	Marionette	INFO	Listening on port 46087
1597652735227	Marionette	WARN	TLS certificate errors will be ignored for this session
1597654656488	geckodriver	INFO	Listening on 127.0.0.1:32783
1597654656498	mozrunner::runner	INFO	Running command: "/usr/bin/firefox" "--marionette" "-foreground" "-no-remote" "-profile" "/tmp/rust_mozprofileaql3HN"
console.error: SearchCache: "_readCacheFile: Error reading cache file:" (new Error("", "(unknown module)"))
1597654660021	Marionette	INFO	Listening on port 42265
1597654660119	Marionette	WARN	TLS certificate errors will be ignored for this session
1597654702582	geckodriver	INFO	Listening on 127.0.0.1:58717
1597654702592	mozrunner::runner	INFO	Running command: "/usr/bin/firefox" "--marionette" "-foreground" "-no-remote" "-profile" "/tmp/rust_mozprofileLeLg8W"
console.error: SearchCache: "_readCacheFile: Error reading cache file:" (new Error("", "(unknown module)"))
1597654706222	Marionette	INFO	Listening on port 35745
1597654706304	Marionette	WARN	TLS certificate errors will be ignored for this session
1597654738724	geckodriver	INFO	Listening on 127.0.0.1:34275
1597654738731	mozrunner::runner	INFO	Running command: "/usr/bin/firefox" "--marionette" "-foreground" "-no-remote" "-profile" "/tmp/rust_mozprofile5ZaxF3"
console.error: SearchCache: "_readCacheFile: Error reading cache file:" (new Error("", "(unknown module)"))
1597654742782	Marionette	INFO	Listening on port 39693
1597654742842	Marionette	WARN	TLS certificate errors will be ignored for this session
1597654798994	geckodriver	INFO	Listening on 127.0.0.1:35083
1597654799004	mozrunner::runner	INFO	Running command: "/usr/bin/firefox" "--marionette" "-foreground" "-no-remote" "-profile" "/tmp/rust_mozprofile0b0wrv"
console.error: SearchCache: "_readCacheFile: Error reading cache file:" (new Error("", "(unknown module)"))
1597654802778	Marionette	INFO	Listening on port 40049
1597654802817	Marionette	WARN	TLS certificate errors will be ignored for this session
1597654845777	geckodriver	INFO	Listening on 127.0.0.1:33611
1597654845788	mozrunner::runner	INFO	Running command: "/usr/bin/firefox" "--marionette" "-foreground" "-no-remote" "-profile" "/tmp/rust_mozprofilegJK85h"
console.error: SearchCache: "_readCacheFile: Error reading cache file:" (new Error("", "(unknown module)"))
1597654849303	Marionette	INFO	Listening on port 37141
1597654849413	Marionette	WARN	TLS certificate errors will be ignored for this session
1597654876076	Marionette	INFO	Stopped listening on port 37141
1597654886300	geckodriver	INFO	Listening on 127.0.0.1:36895
1597654886313	mozrunner::runner	INFO	Running command: "/usr/bin/firefox" "--marionette" "-foreground" "-no-remote" "-profile" "/tmp/rust_mozprofileJiwRtF"
console.error: SearchCache: "_readCacheFile: Error reading cache file:" (new Error("", "(unknown module)"))
1597654889880	Marionette	INFO	Listening on port 35011
1597654889933	Marionette	WARN	TLS certificate errors will be ignored for this session
JavaScript error: , line 0: UnknownError: The operation failed for reasons unrelated to the database itself and not covered by any other error code.
1597654944083	Marionette	INFO	Stopped listening on port 35011
1597657255039	geckodriver	INFO	Listening on 127.0.0.1:44803
1597657255045	mozrunner::runner	INFO	Running command: "/usr/bin/firefox" "--marionette" "-foreground" "-no-remote" "-profile" "/tmp/rust_mozprofilefYTfm0"
console.error: SearchCache: "_readCacheFile: Error reading cache file:" (new Error("", "(unknown module)"))
1597657259089	Marionette	INFO	Listening on port 39165
1597657259165	Marionette	WARN	TLS certificate errors will be ignored for this session
1597658230322	geckodriver	INFO	Listening on 127.0.0.1:55113
1597658230335	mozrunner::runner	INFO	Running command: "/usr/bin/firefox" "--marionette" "-foreground" "-no-remote" "-profile" "/tmp/rust_mozprofile0dqiLK"
console.error: SearchCache: "_readCacheFile: Error reading cache file:" (new Error("", "(unknown module)"))
1597658234055	Marionette	INFO	Listening on port 41731
1597658234154	Marionette	WARN	TLS certificate errors will be ignored for this session
1597727746337	geckodriver	INFO	Listening on 127.0.0.1:58855
1597727747276	mozrunner::runner	INFO	Running command: "/usr/bin/firefox" "--marionette" "-foreground" "-no-remote" "-profile" "/tmp/rust_mozprofileZkOYKb"
console.error: SearchCache: "_readCacheFile: Error reading cache file:" (new Error("", "(unknown module)"))
1597727753302	Marionette	INFO	Listening on port 41763
1597727753399	Marionette	WARN	TLS certificate errors will be ignored for this session
1597727928687	geckodriver	INFO	Listening on 127.0.0.1:48257
1597727928699	mozrunner::runner	INFO	Running command: "/usr/bin/firefox" "--marionette" "-foreground" "-no-remote" "-profile" "/tmp/rust_mozprofilehNuWsC"
console.error: SearchCache: "_readCacheFile: Error reading cache file:" (new Error("", "(unknown module)"))
1597727933328	Marionette	INFO	Listening on port 38597
1597727933416	Marionette	WARN	TLS certificate errors will be ignored for this session
1597728853010	geckodriver	INFO	Listening on 127.0.0.1:47277
1597728853017	mozrunner::runner	INFO	Running command: "/usr/bin/firefox" "--marionette" "-foreground" "-no-remote" "-profile" "/tmp/rust_mozprofileg8K8yU"
console.error: SearchCache: "_readCacheFile: Error reading cache file:" (new Error("", "(unknown module)"))
1597728856561	Marionette	INFO	Listening on port 45927
1597728856627	Marionette	WARN	TLS certificate errors will be ignored for this session
1597728974554	geckodriver	INFO	Listening on 127.0.0.1:54455
1597728974563	mozrunner::runner	INFO	Running command: "/usr/bin/firefox" "--marionette" "-foreground" "-no-remote" "-profile" "/tmp/rust_mozprofileG6cnvr"
console.error: SearchCache: "_readCacheFile: Error reading cache file:" (new Error("", "(unknown module)"))
1597728978218	Marionette	INFO	Listening on port 42643
1597728978274	Marionette	WARN	TLS certificate errors will be ignored for this session
1597729157494	geckodriver	INFO	Listening on 127.0.0.1:35361
1597729157509	mozrunner::runner	INFO	Running command: "/usr/bin/firefox" "--marionette" "-foreground" "-no-remote" "-profile" "/tmp/rust_mozprofileoG201B"
console.error: SearchCache: "_readCacheFile: Error reading cache file:" (new Error("", "(unknown module)"))
1597729161425	Marionette	INFO	Listening on port 41913
1597729161519	Marionette	WARN	TLS certificate errors will be ignored for this session
1597729380813	geckodriver	INFO	Listening on 127.0.0.1:46749
1597729380826	mozrunner::runner	INFO	Running command: "/usr/bin/firefox" "--marionette" "-foreground" "-no-remote" "-profile" "/tmp/rust_mozprofileEiTrL7"
console.error: SearchCache: "_readCacheFile: Error reading cache file:" (new Error("", "(unknown module)"))
1597729384340	Marionette	INFO	Listening on port 40743
1597729384436	Marionette	WARN	TLS certificate errors will be ignored for this session
JavaScript error: , line 0: UnknownError: The operation failed for reasons unrelated to the database itself and not covered by any other error code.
1597729835933	Marionette	INFO	Stopped listening on port 40743
1597730045818	geckodriver	INFO	Listening on 127.0.0.1:50595
1597730045828	mozrunner::runner	INFO	Running command: "/usr/bin/firefox" "--marionette" "-foreground" "-no-remote" "-profile" "/tmp/rust_mozprofileki5ZnX"
console.error: SearchCache: "_readCacheFile: Error reading cache file:" (new Error("", "(unknown module)"))
1597730049419	Marionette	INFO	Listening on port 32851
1597730049436	Marionette	WARN	TLS certificate errors will be ignored for this session
1597730070597	Marionette	INFO	Stopped listening on port 32851
1597730231093	geckodriver	INFO	Listening on 127.0.0.1:59879
1597730231104	mozrunner::runner	INFO	Running command: "/usr/bin/firefox" "--marionette" "-foreground" "-no-remote" "-profile" "/tmp/rust_mozprofileTGkAwT"
console.error: SearchCache: "_readCacheFile: Error reading cache file:" (new Error("", "(unknown module)"))
1597730234776	Marionette	INFO	Listening on port 44019
1597730234832	Marionette	WARN	TLS certificate errors will be ignored for this session
1597730267649	geckodriver	INFO	Listening on 127.0.0.1:60331
1597730267657	mozrunner::runner	INFO	Running command: "/usr/bin/firefox" "--marionette" "-foreground" "-no-remote" "-profile" "/tmp/rust_mozprofileyKwRYG"
console.error: SearchCache: "_readCacheFile: Error reading cache file:" (new Error("", "(unknown module)"))
1597730271432	Marionette	INFO	Listening on port 36945
1597730271474	Marionette	WARN	TLS certificate errors will be ignored for this session
1597730650603	Marionette	INFO	Stopped listening on port 36945
1597730651416	geckodriver	INFO	Listening on 127.0.0.1:34541
1597730651428	mozrunner::runner	INFO	Running command: "/usr/bin/firefox" "--marionette" "-foreground" "-no-remote" "-profile" "/tmp/rust_mozprofileRG9WJF"
console.error: SearchCache: "_readCacheFile: Error reading cache file:" (new Error("", "(unknown module)"))
1597730655282	Marionette	INFO	Listening on port 42955
1597730655339	Marionette	WARN	TLS certificate errors will be ignored for this session
JavaScript error: , line 0: UnknownError: The operation failed for reasons unrelated to the database itself and not covered by any other error code.
1597731293398	Marionette	INFO	Stopped listening on port 42955
